{"message":"Server is starting at port : 5000","level":"info","timestamp":"2021-03-03T02:10:22.637Z"}
{"level":"info","message":"Server is starting at port : 5000","timestamp":"2021-03-03T02:10:22.638Z"}
{"message":"Server is starting at port : 5000","level":"info","timestamp":"2021-03-03T02:10:25.743Z"}
{"level":"info","message":"Server is starting at port : 5000","timestamp":"2021-03-03T02:10:25.745Z"}
{"message":"Server is starting at port : 5000","level":"info","timestamp":"2021-03-03T02:10:48.909Z"}
{"message":"Routes file is running","level":"info","timestamp":"2021-03-03T02:13:29.058Z"}
{"message":"Server is starting at port : 5000","level":"info","timestamp":"2021-03-03T02:13:29.088Z"}
{"message":"Routes file is running","level":"info","timestamp":"2021-03-03T03:22:57.194Z"}
{"message":"Server is starting at port : 5000","level":"info","timestamp":"2021-03-03T03:22:57.266Z"}
{"message":"Routes file is running","level":"info","timestamp":"2021-03-03T03:23:58.453Z"}
{"message":"Server is starting at port : 5000","level":"info","timestamp":"2021-03-03T03:23:58.478Z"}
{"message":"Routes file is running","level":"info","timestamp":"2021-03-03T03:24:49.712Z"}
{"message":"Server is starting at port : 5000","level":"info","timestamp":"2021-03-03T03:24:49.749Z"}
{"message":"Routes file is running","level":"info","timestamp":"2021-03-03T03:27:31.887Z"}
{"message":"Server is starting at port : 5000","level":"info","timestamp":"2021-03-03T03:27:31.916Z"}
{"message":"Routes file is running","level":"info","timestamp":"2021-03-03T03:29:05.822Z"}
{"message":"Server is starting at port : 5000","level":"info","timestamp":"2021-03-03T03:29:05.866Z"}
{"message":"Routes file is running","level":"info","timestamp":"2021-03-03T03:29:08.887Z"}
{"message":"Server is starting at port : 5000","level":"info","timestamp":"2021-03-03T03:29:08.916Z"}
{"message":"Routes file is running","level":"info","timestamp":"2021-03-03T03:29:12.481Z"}
{"message":"Server is starting at port : 5000","level":"info","timestamp":"2021-03-03T03:29:12.506Z"}
{"message":"Routes file is running","level":"info","timestamp":"2021-03-03T03:29:16.811Z"}
{"message":"Server is starting at port : 5000","level":"info","timestamp":"2021-03-03T03:29:16.842Z"}
{"message":"Routes file is running","level":"info","timestamp":"2021-03-03T03:29:28.152Z"}
{"message":"Server is starting at port : 5000","level":"info","timestamp":"2021-03-03T03:29:28.181Z"}
{"message":"Routes file is running","level":"info","timestamp":"2021-03-03T03:29:34.678Z"}
{"message":"Server is starting at port : 5000","level":"info","timestamp":"2021-03-03T03:29:34.715Z"}
{"message":"Routes file is running","level":"info","timestamp":"2021-03-03T03:29:37.259Z"}
{"message":"Server is starting at port : 5000","level":"info","timestamp":"2021-03-03T03:29:37.287Z"}
{"message":"Routes file is running","level":"info","timestamp":"2021-03-03T03:29:47.340Z"}
{"message":"Server is starting at port : 5000","level":"info","timestamp":"2021-03-03T03:29:47.376Z"}
{"message":"Routes file is running","level":"info","timestamp":"2021-03-03T03:29:53.688Z"}
{"message":"Server is starting at port : 5000","level":"info","timestamp":"2021-03-03T03:29:53.721Z"}
{"message":"Routes file is running","level":"info","timestamp":"2021-03-03T03:29:58.839Z"}
{"message":"Server is starting at port : 5000","level":"info","timestamp":"2021-03-03T03:29:58.880Z"}
{"message":"Routes file is running","level":"info","timestamp":"2021-03-03T03:30:03.265Z"}
{"message":"Server is starting at port : 5000","level":"info","timestamp":"2021-03-03T03:30:03.306Z"}
{"message":"Routes file is running","level":"info","timestamp":"2021-03-03T03:30:11.235Z"}
{"message":"Server is starting at port : 5000","level":"info","timestamp":"2021-03-03T03:30:11.262Z"}
{"message":"Routes file is running","level":"info","timestamp":"2021-03-03T03:30:14.983Z"}
{"message":"Server is starting at port : 5000","level":"info","timestamp":"2021-03-03T03:30:15.009Z"}
{"message":"Routes file is running","level":"info","timestamp":"2021-03-03T03:30:23.606Z"}
{"message":"Server is starting at port : 5000","level":"info","timestamp":"2021-03-03T03:30:23.636Z"}
{"message":"Routes file is running","level":"info","timestamp":"2021-03-03T03:30:26.708Z"}
{"message":"Server is starting at port : 5000","level":"info","timestamp":"2021-03-03T03:30:26.735Z"}
{"message":"Routes file is running","level":"info","timestamp":"2021-03-03T03:30:29.040Z"}
{"message":"Server is starting at port : 5000","level":"info","timestamp":"2021-03-03T03:30:29.065Z"}
{"message":"Routes file is running","level":"info","timestamp":"2021-03-03T03:30:54.069Z"}
{"message":"Server is starting at port : 5000","level":"info","timestamp":"2021-03-03T03:30:54.107Z"}
{"message":"Routes file is running","level":"info","timestamp":"2021-03-03T03:30:56.762Z"}
{"message":"Server is starting at port : 5000","level":"info","timestamp":"2021-03-03T03:30:56.793Z"}
{"message":"Routes file is running","level":"info","timestamp":"2021-03-03T03:31:04.487Z"}
{"message":"Server is starting at port : 5000","level":"info","timestamp":"2021-03-03T03:31:04.524Z"}
{"message":"Routes file is running","level":"info","timestamp":"2021-03-03T03:31:10.603Z"}
{"message":"Server is starting at port : 5000","level":"info","timestamp":"2021-03-03T03:31:10.640Z"}
{"message":"Routes file is running","level":"info","timestamp":"2021-03-03T03:31:12.767Z"}
{"message":"Server is starting at port : 5000","level":"info","timestamp":"2021-03-03T03:31:12.792Z"}
{"message":"Routes file is running","level":"info","timestamp":"2021-03-03T03:31:25.621Z"}
{"message":"Server is starting at port : 5000","level":"info","timestamp":"2021-03-03T03:31:25.647Z"}
{"message":"Routes file is running","level":"info","timestamp":"2021-03-03T03:31:40.156Z"}
{"message":"Server is starting at port : 5000","level":"info","timestamp":"2021-03-03T03:31:40.192Z"}
{"message":"Routes file is running","level":"info","timestamp":"2021-03-03T03:31:50.966Z"}
{"message":"Server is starting at port : 5000","level":"info","timestamp":"2021-03-03T03:31:51.009Z"}
{"message":"Routes file is running","level":"info","timestamp":"2021-03-03T03:31:54.242Z"}
{"message":"Server is starting at port : 5000","level":"info","timestamp":"2021-03-03T03:31:54.278Z"}
{"message":"Routes file is running","level":"info","timestamp":"2021-03-03T03:31:56.806Z"}
{"message":"Server is starting at port : 5000","level":"info","timestamp":"2021-03-03T03:31:56.852Z"}
{"message":"Routes file is running","level":"info","timestamp":"2021-03-03T03:31:59.969Z"}
{"message":"Server is starting at port : 5000","level":"info","timestamp":"2021-03-03T03:32:00.004Z"}
{"message":"Routes file is running","level":"info","timestamp":"2021-03-03T03:32:03.113Z"}
{"message":"Server is starting at port : 5000","level":"info","timestamp":"2021-03-03T03:32:03.139Z"}
{"message":"Routes file is running","level":"info","timestamp":"2021-03-03T03:32:06.782Z"}
{"message":"Server is starting at port : 5000","level":"info","timestamp":"2021-03-03T03:32:06.808Z"}
{"message":"controller register function is running","level":"info","timestamp":"2021-03-03T03:33:02.918Z"}
{"message":"controller register then :  Record added successfully","data":{"_id":"603f036f8c94415478c48821","firstname":"Paul","lastname":"Walker","email":"paulwalker@gmail.com","password":"$2b$10$npgUjFGyfd1SLMSvuwO00eiY68Ozu72Uonwud3H4MnZVLy8m.Gof.","createdAt":"2021-03-03T03:33:03.150Z","updatedAt":"2021-03-03T03:33:03.150Z","__v":0},"level":"info","timestamp":"2021-03-03T03:33:03.175Z"}
{"message":"Routes file is running","level":"info","timestamp":"2021-03-03T03:34:15.351Z"}
{"message":"Server is starting at port : 5000","level":"info","timestamp":"2021-03-03T03:34:15.378Z"}
{"message":"Routes file is running","level":"info","timestamp":"2021-03-03T03:34:32.704Z"}
{"message":"Server is starting at port : 5000","level":"info","timestamp":"2021-03-03T03:34:32.734Z"}
{"message":"Routes file is running","level":"info","timestamp":"2021-03-03T03:34:35.578Z"}
{"message":"Server is starting at port : 5000","level":"info","timestamp":"2021-03-03T03:34:35.611Z"}
{"message":"Routes file is running","level":"info","timestamp":"2021-03-03T03:34:43.632Z"}
{"message":"Server is starting at port : 5000","level":"info","timestamp":"2021-03-03T03:34:43.679Z"}
{"message":"Routes file is running","level":"info","timestamp":"2021-03-03T03:34:48.295Z"}
{"message":"Server is starting at port : 5000","level":"info","timestamp":"2021-03-03T03:34:48.325Z"}
{"message":"Routes file is running","level":"info","timestamp":"2021-03-03T03:34:56.120Z"}
{"message":"Server is starting at port : 5000","level":"info","timestamp":"2021-03-03T03:34:56.147Z"}
{"message":"Routes file is running","level":"info","timestamp":"2021-03-03T03:35:02.361Z"}
{"message":"Server is starting at port : 5000","level":"info","timestamp":"2021-03-03T03:35:02.400Z"}
{"message":"Routes file is running","level":"info","timestamp":"2021-03-03T03:35:06.966Z"}
{"message":"Server is starting at port : 5000","level":"info","timestamp":"2021-03-03T03:35:06.996Z"}
{"message":"controller login function is running","level":"info","timestamp":"2021-03-03T03:35:23.609Z"}
{"message":"inside the controller login err Login Successfull","token":{"message":"Token generated successfully","token":"eyJhbGciOiJIUzI1NiIsInR5cCI6IkpXVCJ9.eyJlbWFpbCI6InBhdWx3YWxrZXJAZ21haWwuY29tIiwiaWQiOiI2MDNmMDM2ZjhjOTQ0MTU0NzhjNDg4MjEiLCJpYXQiOjE2MTQ3NDI1MjMsImV4cCI6MTYxNDgyODkyM30.kvtyoY-aauvwFzvkIJQ__gJtQID24PvFd7v666dAet0"},"level":"info","timestamp":"2021-03-03T03:35:23.846Z"}
{"message":"Routes file is running","level":"info","timestamp":"2021-03-03T03:36:03.341Z"}
{"message":"Server is starting at port : 5000","level":"info","timestamp":"2021-03-03T03:36:03.379Z"}
{"message":"Routes file is running","level":"info","timestamp":"2021-03-03T03:36:10.343Z"}
{"message":"Server is starting at port : 5000","level":"info","timestamp":"2021-03-03T03:36:10.394Z"}
{"message":"controller login function is running","level":"info","timestamp":"2021-03-03T03:36:12.902Z"}
{"message":"inside the controller login err Login Successfull","token":{"message":"Token generated successfully","token":"eyJhbGciOiJIUzI1NiIsInR5cCI6IkpXVCJ9.eyJlbWFpbCI6InBhdWx3YWxrZXJAZ21haWwuY29tIiwiaWQiOiI2MDNmMDM2ZjhjOTQ0MTU0NzhjNDg4MjEiLCJpYXQiOjE2MTQ3NDI1NzMsImV4cCI6MTYxNDgyODk3M30.Rb6UyZCanNzYUjA7YNT1yxKNsDFxkPd9h__Y3B9yWHo"},"level":"info","timestamp":"2021-03-03T03:36:13.144Z"}
{"message":"Routes file is running","level":"info","timestamp":"2021-03-03T03:36:33.153Z"}
{"message":"Server is starting at port : 5000","level":"info","timestamp":"2021-03-03T03:36:33.185Z"}
{"message":"Routes file is running","level":"info","timestamp":"2021-03-03T03:37:30.752Z"}
{"message":"Server is starting at port : 5000","level":"info","timestamp":"2021-03-03T03:37:30.779Z"}
{"message":"Routes file is running","level":"info","timestamp":"2021-03-03T03:38:24.572Z"}
{"message":"Server is starting at port : 5000","level":"info","timestamp":"2021-03-03T03:38:24.611Z"}
{"message":"Routes file is running","level":"info","timestamp":"2021-03-03T03:38:27.503Z"}
{"message":"Server is starting at port : 5000","level":"info","timestamp":"2021-03-03T03:38:27.529Z"}
{"message":"Routes file is running","level":"info","timestamp":"2021-03-03T03:38:33.147Z"}
{"message":"Server is starting at port : 5000","level":"info","timestamp":"2021-03-03T03:38:33.173Z"}
{"message":"Routes file is running","level":"info","timestamp":"2021-03-03T03:38:36.633Z"}
{"message":"Server is starting at port : 5000","level":"info","timestamp":"2021-03-03T03:38:36.690Z"}
{"message":"Routes file is running","level":"info","timestamp":"2021-03-03T03:38:44.062Z"}
{"message":"Server is starting at port : 5000","level":"info","timestamp":"2021-03-03T03:38:44.100Z"}
{"message":"controller login function is running","level":"info","timestamp":"2021-03-03T03:38:51.250Z"}
{"level":"info","message":"inside the controller login data","timestamp":"2021-03-03T03:38:51.657Z"}
{"message":"Routes file is running","level":"info","timestamp":"2021-03-03T03:39:56.941Z"}
{"message":"Server is starting at port : 5000","level":"info","timestamp":"2021-03-03T03:39:56.971Z"}
{"message":"Routes file is running","level":"info","timestamp":"2021-03-03T03:39:58.629Z"}
{"message":"Server is starting at port : 5000","level":"info","timestamp":"2021-03-03T03:39:58.664Z"}
{"message":"Routes file is running","level":"info","timestamp":"2021-03-03T03:40:02.403Z"}
{"message":"Server is starting at port : 5000","level":"info","timestamp":"2021-03-03T03:40:02.437Z"}
{"message":"controller login function is running","level":"info","timestamp":"2021-03-03T03:40:11.882Z"}
{"level":"error","message":"inside the controller login data","timestamp":"2021-03-03T03:40:12.124Z"}
{"message":"Routes file is running","level":"info","timestamp":"2021-03-03T03:41:01.527Z"}
{"message":"Server is starting at port : 5000","level":"info","timestamp":"2021-03-03T03:41:01.588Z"}
{"message":"controller login function is running","level":"info","timestamp":"2021-03-03T03:41:09.271Z"}
{"level":"error","message":"inside the controller login data","timestamp":"2021-03-03T03:41:09.666Z"}
